fatal: GET con / - 17/7/2023
fatal: GET con /css/styles.css - 17/7/2023
fatal: GET con /favicon.ico - 17/7/2023
fatal: GET con /login - 17/7/2023
fatal: GET con /js/login.js - 17/7/2023
fatal: GET con /css/styles.css - 17/7/2023
fatal: GET con /favicon.ico - 17/7/2023
fatal: POST con /api/session/login - 17/7/2023
fatal: POST con /api/session/login - 17/7/2023
fatal: POST con /api/session/login - 17/7/2023
fatal: POST con /api/session/login - 17/7/2023
fatal: GET con /register - 17/7/2023
fatal: GET con /css/styles.css - 17/7/2023
fatal: GET con /js/register.js - 17/7/2023
fatal: GET con /favicon.ico - 17/7/2023
fatal: POST con /api/session/register - 17/7/2023
fatal: GET con /login - 17/7/2023
fatal: GET con /css/styles.css - 17/7/2023
fatal: GET con /js/login.js - 17/7/2023
fatal: GET con /favicon.ico - 17/7/2023
fatal: POST con /api/session/login - 17/7/2023
fatal: GET con / - 17/7/2023
fatal: GET con /css/styles.css - 17/7/2023
fatal: GET con /favicon.ico - 17/7/2023
fatal: GET con / - 17/7/2023
fatal: GET con /css/styles.css - 17/7/2023
fatal: GET con /favicon.ico - 17/7/2023
fatal: GET con / - 17/7/2023
fatal: GET con /css/styles.css - 17/7/2023
fatal: GET con /favicon.ico - 17/7/2023
